::1 - - [29/Aug/2019:05:00:28 +0000] "GET /css/forms.css HTTP/1.1" 304 - "http://localhost:3003/product-list" "Mozilla/5.0 (Windows NT 10.0; Win64; x64) AppleWebKit/537.36 (KHTML, like Gecko) Chrome/76.0.3809.100 Safari/537.36"
::1 - - [29/Aug/2019:05:00:28 +0000] "GET /css/main.css HTTP/1.1" 304 - "http://localhost:3003/product-list" "Mozilla/5.0 (Windows NT 10.0; Win64; x64) AppleWebKit/537.36 (KHTML, like Gecko) Chrome/76.0.3809.100 Safari/537.36"
::1 - - [29/Aug/2019:05:00:28 +0000] "GET /css/product.css HTTP/1.1" 304 - "http://localhost:3003/product-list" "Mozilla/5.0 (Windows NT 10.0; Win64; x64) AppleWebKit/537.36 (KHTML, like Gecko) Chrome/76.0.3809.100 Safari/537.36"
::1 - - [29/Aug/2019:05:00:28 +0000] "GET /css/cart.css HTTP/1.1" 304 - "http://localhost:3003/product-list" "Mozilla/5.0 (Windows NT 10.0; Win64; x64) AppleWebKit/537.36 (KHTML, like Gecko) Chrome/76.0.3809.100 Safari/537.36"
::1 - - [29/Aug/2019:05:00:28 +0000] "GET /images/function%20toISOString()%20%7B%20[native%20code]%20%7D-79acc5fe88114d45b05784d32465cd83.jpg HTTP/1.1" 304 - "http://localhost:3003/product-list" "Mozilla/5.0 (Windows NT 10.0; Win64; x64) AppleWebKit/537.36 (KHTML, like Gecko) Chrome/76.0.3809.100 Safari/537.36"
::1 - - [29/Aug/2019:05:00:30 +0000] "GET /favicon.ico HTTP/1.1" 200 - "http://localhost:3003/product-list" "Mozilla/5.0 (Windows NT 10.0; Win64; x64) AppleWebKit/537.36 (KHTML, like Gecko) Chrome/76.0.3809.100 Safari/537.36"
::1 - - [29/Aug/2019:05:00:33 +0000] "GET / HTTP/1.1" 200 - "http://localhost:3003/product-list" "Mozilla/5.0 (Windows NT 10.0; Win64; x64) AppleWebKit/537.36 (KHTML, like Gecko) Chrome/76.0.3809.100 Safari/537.36"
::1 - - [29/Aug/2019:05:00:33 +0000] "GET /css/main.css HTTP/1.1" 304 - "http://localhost:3003/" "Mozilla/5.0 (Windows NT 10.0; Win64; x64) AppleWebKit/537.36 (KHTML, like Gecko) Chrome/76.0.3809.100 Safari/537.36"
::1 - - [29/Aug/2019:05:00:33 +0000] "GET /css/forms.css HTTP/1.1" 304 - "http://localhost:3003/" "Mozilla/5.0 (Windows NT 10.0; Win64; x64) AppleWebKit/537.36 (KHTML, like Gecko) Chrome/76.0.3809.100 Safari/537.36"
::1 - - [29/Aug/2019:05:00:33 +0000] "GET /css/product.css HTTP/1.1" 304 - "http://localhost:3003/" "Mozilla/5.0 (Windows NT 10.0; Win64; x64) AppleWebKit/537.36 (KHTML, like Gecko) Chrome/76.0.3809.100 Safari/537.36"
::1 - - [29/Aug/2019:05:00:33 +0000] "GET /css/cart.css HTTP/1.1" 304 - "http://localhost:3003/" "Mozilla/5.0 (Windows NT 10.0; Win64; x64) AppleWebKit/537.36 (KHTML, like Gecko) Chrome/76.0.3809.100 Safari/537.36"
::1 - - [29/Aug/2019:05:00:33 +0000] "GET /images/function%20toISOString()%20%7B%20[native%20code]%20%7D-79acc5fe88114d45b05784d32465cd83.jpg HTTP/1.1" 304 - "http://localhost:3003/" "Mozilla/5.0 (Windows NT 10.0; Win64; x64) AppleWebKit/537.36 (KHTML, like Gecko) Chrome/76.0.3809.100 Safari/537.36"
::1 - - [29/Aug/2019:05:00:33 +0000] "GET /favicon.ico HTTP/1.1" 304 - "http://localhost:3003/" "Mozilla/5.0 (Windows NT 10.0; Win64; x64) AppleWebKit/537.36 (KHTML, like Gecko) Chrome/76.0.3809.100 Safari/537.36"
::1 - - [29/Aug/2019:05:00:37 +0000] "GET /product-list HTTP/1.1" 200 - "http://localhost:3003/" "Mozilla/5.0 (Windows NT 10.0; Win64; x64) AppleWebKit/537.36 (KHTML, like Gecko) Chrome/76.0.3809.100 Safari/537.36"
::1 - - [29/Aug/2019:05:00:37 +0000] "GET /css/main.css HTTP/1.1" 304 - "http://localhost:3003/product-list" "Mozilla/5.0 (Windows NT 10.0; Win64; x64) AppleWebKit/537.36 (KHTML, like Gecko) Chrome/76.0.3809.100 Safari/537.36"
::1 - - [29/Aug/2019:05:00:37 +0000] "GET /css/forms.css HTTP/1.1" 304 - "http://localhost:3003/product-list" "Mozilla/5.0 (Windows NT 10.0; Win64; x64) AppleWebKit/537.36 (KHTML, like Gecko) Chrome/76.0.3809.100 Safari/537.36"
::1 - - [29/Aug/2019:05:00:37 +0000] "GET /css/product.css HTTP/1.1" 304 - "http://localhost:3003/product-list" "Mozilla/5.0 (Windows NT 10.0; Win64; x64) AppleWebKit/537.36 (KHTML, like Gecko) Chrome/76.0.3809.100 Safari/537.36"
::1 - - [29/Aug/2019:05:00:37 +0000] "GET /css/cart.css HTTP/1.1" 304 - "http://localhost:3003/product-list" "Mozilla/5.0 (Windows NT 10.0; Win64; x64) AppleWebKit/537.36 (KHTML, like Gecko) Chrome/76.0.3809.100 Safari/537.36"
::1 - - [29/Aug/2019:05:00:37 +0000] "GET /images/function%20toISOString()%20%7B%20[native%20code]%20%7D-79acc5fe88114d45b05784d32465cd83.jpg HTTP/1.1" 304 - "http://localhost:3003/product-list" "Mozilla/5.0 (Windows NT 10.0; Win64; x64) AppleWebKit/537.36 (KHTML, like Gecko) Chrome/76.0.3809.100 Safari/537.36"
::1 - - [29/Aug/2019:05:00:38 +0000] "GET /favicon.ico HTTP/1.1" 304 - "http://localhost:3003/product-list" "Mozilla/5.0 (Windows NT 10.0; Win64; x64) AppleWebKit/537.36 (KHTML, like Gecko) Chrome/76.0.3809.100 Safari/537.36"
::1 - - [29/Aug/2019:05:00:40 +0000] "GET /products/5d540faf28936351bc4eb4f6 HTTP/1.1" 200 - "http://localhost:3003/product-list" "Mozilla/5.0 (Windows NT 10.0; Win64; x64) AppleWebKit/537.36 (KHTML, like Gecko) Chrome/76.0.3809.100 Safari/537.36"
::1 - - [29/Aug/2019:05:00:40 +0000] "GET /css/main.css HTTP/1.1" 304 - "http://localhost:3003/products/5d540faf28936351bc4eb4f6" "Mozilla/5.0 (Windows NT 10.0; Win64; x64) AppleWebKit/537.36 (KHTML, like Gecko) Chrome/76.0.3809.100 Safari/537.36"
::1 - - [29/Aug/2019:05:00:40 +0000] "GET /css/forms.css HTTP/1.1" 304 - "http://localhost:3003/products/5d540faf28936351bc4eb4f6" "Mozilla/5.0 (Windows NT 10.0; Win64; x64) AppleWebKit/537.36 (KHTML, like Gecko) Chrome/76.0.3809.100 Safari/537.36"
::1 - - [29/Aug/2019:05:00:40 +0000] "GET /css/product.css HTTP/1.1" 304 - "http://localhost:3003/products/5d540faf28936351bc4eb4f6" "Mozilla/5.0 (Windows NT 10.0; Win64; x64) AppleWebKit/537.36 (KHTML, like Gecko) Chrome/76.0.3809.100 Safari/537.36"
::1 - - [29/Aug/2019:05:00:40 +0000] "GET /css/cart.css HTTP/1.1" 304 - "http://localhost:3003/products/5d540faf28936351bc4eb4f6" "Mozilla/5.0 (Windows NT 10.0; Win64; x64) AppleWebKit/537.36 (KHTML, like Gecko) Chrome/76.0.3809.100 Safari/537.36"
::1 - - [29/Aug/2019:05:00:40 +0000] "GET /images/function%20toISOString()%20%7B%20[native%20code]%20%7D-79acc5fe88114d45b05784d32465cd83.jpg HTTP/1.1" 304 - "http://localhost:3003/products/5d540faf28936351bc4eb4f6" "Mozilla/5.0 (Windows NT 10.0; Win64; x64) AppleWebKit/537.36 (KHTML, like Gecko) Chrome/76.0.3809.100 Safari/537.36"
::1 - - [29/Aug/2019:05:00:40 +0000] "GET /favicon.ico HTTP/1.1" 304 - "http://localhost:3003/products/5d540faf28936351bc4eb4f6" "Mozilla/5.0 (Windows NT 10.0; Win64; x64) AppleWebKit/537.36 (KHTML, like Gecko) Chrome/76.0.3809.100 Safari/537.36"
